============================================================
  Generated by:           Genus(TM) Synthesis Solution 21.14-s082_1
  Generated on:           Apr 05 2025  02:59:31 pm
  Module:                 top_module
  Operating conditions:   WCCOM (balanced_tree)
  Wireload mode:          segmented
  Area mode:              timing library
============================================================

Timing
--------

Clock  Period 
--------------
clk   10000.0 


  Cost    Critical         Violating 
 Group   Path Slack  TNS     Paths   
-------------------------------------
clk             0.0   0.0          0 
default    No paths   0.0            
-------------------------------------
Total                 0.0          0 

Instance Count
--------------
Leaf Instance Count             459 
Physical Instance count           0 
Sequential Instance Count       297 
Combinational Instance Count    162 
Hierarchical Instance Count     276 

Area
----
Cell Area                          1969.560
Physical Cell Area                 0.000
Total Cell Area (Cell+Physical)    1969.560
Net Area                           0.000
Total Area (Cell+Physical+Net)     1969.560

Max Fanout                         287 (clk)
Min Fanout                         0 (out_module0[0])
Average Fanout                     1.9
Terms to net ratio                 2.8750
Terms to instance ratio            3.0566
Runtime                            33.183176 seconds
Elapsed Runtime                    30 seconds
Genus peak memory usage            2133.65 
Innovus peak memory usage          no_value 
Hostname                           localhost
