============================================================
  Generated by:           Genus(TM) Synthesis Solution 21.14-s082_1
  Generated on:           Apr 05 2025  02:59:31 pm
  Module:                 top_module
  Operating conditions:   WCCOM (balanced_tree)
  Wireload mode:          segmented
  Area mode:              timing library
============================================================


Path 1: MET (0 ps)
          Group: clk
     Startpoint: (R) sel_initial
          Clock: (R) clk
       Endpoint: (R) prbs_31bit/dff1/Q1_reg/D
          Clock: (R) clk

                     Capture       Launch     
        Clock Edge:+       0            0     
        Drv Adjust:+       0            0     
       Src Latency:+       0            0     
       Net Latency:+       0 (I)        0 (I) 
           Arrival:=       0            0     
                                              
     Time Borrowed:+    1048                  
       Uncertainty:-      10                  
     Required Time:=    1038                  
      Launch Clock:-       0                  
       Input Delay:-    1000                  
         Data Path:-      38                  
             Slack:=       0                  

Exceptions/Constraints:
  input_delay             1000            constraints_top.sdc_line_15 

#-------------------------------------------------------------------------------------------------
#      Timing Point        Flags   Arc   Edge   Cell     Fanout Load Trans Delay Arrival Instance 
#                                                               (fF)  (ps)  (ps)   (ps)  Location 
#-------------------------------------------------------------------------------------------------
  sel_initial              -       -     R     (arrival)     11  9.1     0     0    1000    (-,-) 
  prbs_31bit/g8__5115/Z    -       A2->Z R     OR2D1          1  0.8    20    38    1038    (-,-) 
  prbs_31bit/dff1/Q1_reg/D <<<     -     R     LHQD1          1    -     -     0    1038    (-,-) 
#-------------------------------------------------------------------------------------------------

