============================================================
  Generated by:           Genus(TM) Synthesis Solution 21.14-s082_1
  Generated on:           Apr 05 2025  02:59:31 pm
  Module:                 top_module
  Operating conditions:   WCCOM (balanced_tree)
  Wireload mode:          segmented
  Area mode:              timing library
============================================================

   Instance       Module     Cell Count  Cell Area  Net Area   Total Area      Wireload     
--------------------------------------------------------------------------------------------
top_module                          459   1969.560     0.000     1969.560 ZeroWireload (S)  
  crbs_7      CRBS                   28    123.480     0.000      123.480 ZeroWireload (S)  
    dff1      NEGDFF_166              2     10.080     0.000       10.080 ZeroWireload (S)  
    dff2      NEGDFF_165              2     10.080     0.000       10.080 ZeroWireload (S)  
    dff3      NEGDFF_164              2     10.080     0.000       10.080 ZeroWireload (S)  
    dff4      NEGDFF_163              2     10.080     0.000       10.080 ZeroWireload (S)  
    dff5      NEGDFF_162              2     10.080     0.000       10.080 ZeroWireload (S)  
    dff6      NEGDFF_161              2     10.080     0.000       10.080 ZeroWireload (S)  
    dff7      NEGDFF_160              2     10.080     0.000       10.080 ZeroWireload (S)  
    dff8      NEGDFF_159              2     10.080     0.000       10.080 ZeroWireload (S)  
    dlatch4   POSDLATCH_236           1      5.040     0.000        5.040 ZeroWireload (S)  
    mux4      MUX                     1      3.240     0.000        3.240 ZeroWireload (S)  
    xor1      XOR_321                 1      3.600     0.000        3.600 ZeroWireload (S)  
    xor2      XOR_320                 1      3.600     0.000        3.600 ZeroWireload (S)  
    xor3      XOR_319                 1      3.600     0.000        3.600 ZeroWireload (S)  
    xor4      XOR_318                 1      3.600     0.000        3.600 ZeroWireload (S)  
    xor5      XOR_317                 1      3.600     0.000        3.600 ZeroWireload (S)  
    xor6      XOR_316                 1      3.600     0.000        3.600 ZeroWireload (S)  
    xor7      XOR_315                 1      3.600     0.000        3.600 ZeroWireload (S)  
    xor8      XOR_314                 1      3.600     0.000        3.600 ZeroWireload (S)  
    xor9      XOR_313                 1      3.600     0.000        3.600 ZeroWireload (S)  
  crbs_9      CRBS_9                 29    129.960     0.000      129.960 ZeroWireload (S)  
    dff1      NEGDFF_158              2     10.080     0.000       10.080 ZeroWireload (S)  
    dff2      NEGDFF_157              2     10.080     0.000       10.080 ZeroWireload (S)  
    dff3      NEGDFF_156              2     10.080     0.000       10.080 ZeroWireload (S)  
    dff4      NEGDFF_155              2     10.080     0.000       10.080 ZeroWireload (S)  
    dff5      NEGDFF_154              2     10.080     0.000       10.080 ZeroWireload (S)  
    dff6      NEGDFF_153              2     10.080     0.000       10.080 ZeroWireload (S)  
    dff7      NEGDFF_152              2     10.080     0.000       10.080 ZeroWireload (S)  
    dff8      NEGDFF_151              2     10.080     0.000       10.080 ZeroWireload (S)  
    dff9      NEGDFF_150              2     10.080     0.000       10.080 ZeroWireload (S)  
    dlatch4   POSDLATCH_235           1      5.040     0.000        5.040 ZeroWireload (S)  
    mux4      MUX_9                   1      3.240     0.000        3.240 ZeroWireload (S)  
    xor1      XOR_312                 1      3.600     0.000        3.600 ZeroWireload (S)  
    xor2      XOR_311                 1      3.600     0.000        3.600 ZeroWireload (S)  
    xor3      XOR_310                 1      3.600     0.000        3.600 ZeroWireload (S)  
    xor4      XOR_309                 1      3.600     0.000        3.600 ZeroWireload (S)  
    xor5      XOR_308                 1      3.600     0.000        3.600 ZeroWireload (S)  
    xor6      XOR_307                 1      3.600     0.000        3.600 ZeroWireload (S)  
    xor7      XOR_306                 1      3.600     0.000        3.600 ZeroWireload (S)  
    xor8      XOR_305                 1      3.600     0.000        3.600 ZeroWireload (S)  
  crbs_15     CRBS_15                41    190.440     0.000      190.440 ZeroWireload (S)  
    dff1      NEGDFF_149              2     10.080     0.000       10.080 ZeroWireload (S)  
    dff2      NEGDFF_148              2     10.080     0.000       10.080 ZeroWireload (S)  
    dff3      NEGDFF_147              2     10.080     0.000       10.080 ZeroWireload (S)  
    dff4      NEGDFF_146              2     10.080     0.000       10.080 ZeroWireload (S)  
    dff5      NEGDFF_145              2     10.080     0.000       10.080 ZeroWireload (S)  
    dff6      NEGDFF_144              2     10.080     0.000       10.080 ZeroWireload (S)  
    dff7      NEGDFF_143              2     10.080     0.000       10.080 ZeroWireload (S)  
    dff8      NEGDFF_142              2     10.080     0.000       10.080 ZeroWireload (S)  
    dff9      NEGDFF_141              2     10.080     0.000       10.080 ZeroWireload (S)  
    dff10     NEGDFF_140              2     10.080     0.000       10.080 ZeroWireload (S)  
    dff11     NEGDFF_139              2     10.080     0.000       10.080 ZeroWireload (S)  
    dff12     NEGDFF_138              2     10.080     0.000       10.080 ZeroWireload (S)  
    dff13     NEGDFF_137              2     10.080     0.000       10.080 ZeroWireload (S)  
    dff14     NEGDFF_136              2     10.080     0.000       10.080 ZeroWireload (S)  
    dff15     NEGDFF_135              2     10.080     0.000       10.080 ZeroWireload (S)  
    dlatch4   POSDLATCH_234           1      5.040     0.000        5.040 ZeroWireload (S)  
    mux4      MUX_8                   1      3.240     0.000        3.240 ZeroWireload (S)  
    xor1      XOR_304                 1      3.600     0.000        3.600 ZeroWireload (S)  
    xor2      XOR_303                 1      3.600     0.000        3.600 ZeroWireload (S)  
    xor3      XOR_302                 1      3.600     0.000        3.600 ZeroWireload (S)  
    xor4      XOR_301                 1      3.600     0.000        3.600 ZeroWireload (S)  
    xor5      XOR_300                 1      3.600     0.000        3.600 ZeroWireload (S)  
    xor6      XOR_299                 1      3.600     0.000        3.600 ZeroWireload (S)  
    xor7      XOR_298                 1      3.600     0.000        3.600 ZeroWireload (S)  
    xor8      XOR_297                 1      3.600     0.000        3.600 ZeroWireload (S)  
  prbs7_9_15  PRBS_7_9_15            71    273.960     0.000      273.960 ZeroWireload (S)  
    dff1      NEGDFF_170              2     10.080     0.000       10.080 ZeroWireload (S)  
    dff3      NEGDFF_169              2     10.080     0.000       10.080 ZeroWireload (S)  
    dff5      POSDFF_214              2     10.080     0.000       10.080 ZeroWireload (S)  
    dff7      POSDFF_213              2     10.080     0.000       10.080 ZeroWireload (S)  
    dff9      NEGDFF_168              2     10.080     0.000       10.080 ZeroWireload (S)  
    dff11     NEGDFF_167              2     10.080     0.000       10.080 ZeroWireload (S)  
    dff12     POSDFF_212              2     10.080     0.000       10.080 ZeroWireload (S)  
    dff14     POSDFF_211              2     10.080     0.000       10.080 ZeroWireload (S)  
    dff21     POSDLATCH_243           1      5.040     0.000        5.040 ZeroWireload (S)  
    dff22     NEGDLATCH_196           1      5.040     0.000        5.040 ZeroWireload (S)  
    dff41     POSDLATCH_242           1      5.040     0.000        5.040 ZeroWireload (S)  
    dff42     NEGDLATCH_195           1      5.040     0.000        5.040 ZeroWireload (S)  
    dff61     POSDLATCH_241           1      5.040     0.000        5.040 ZeroWireload (S)  
    dff62     NEGDLATCH_194           1      5.040     0.000        5.040 ZeroWireload (S)  
    dff81     NEGDLATCH_193           1      5.040     0.000        5.040 ZeroWireload (S)  
    dff82     POSDLATCH_240           1      5.040     0.000        5.040 ZeroWireload (S)  
    dff101    POSDLATCH_239           1      5.040     0.000        5.040 ZeroWireload (S)  
    dff102    NEGDLATCH_192           1      5.040     0.000        5.040 ZeroWireload (S)  
    dff131    POSDLATCH_237           1      5.040     0.000        5.040 ZeroWireload (S)  
    dff132    NEGDLATCH_191           1      5.040     0.000        5.040 ZeroWireload (S)  
    dlatch1   POSDLATCH_238           1      5.040     0.000        5.040 ZeroWireload (S)  
    dlatch2   NEGDLATCH_190           1      5.040     0.000        5.040 ZeroWireload (S)  
    or1       OR_209                  1      2.160     0.000        2.160 ZeroWireload (S)  
    xor1      XOR_328                 2      3.960     0.000        3.960 ZeroWireload (S)  
    xor2      XOR_327                 4      6.120     0.000        6.120 ZeroWireload (S)  
    xor3      XOR_326                 4      6.120     0.000        6.120 ZeroWireload (S)  
    xor4      XOR_325                 2      3.960     0.000        3.960 ZeroWireload (S)  
    xor5      XOR_324                 1      3.600     0.000        3.600 ZeroWireload (S)  
    xor6      XOR_323                 4      6.120     0.000        6.120 ZeroWireload (S)  
    xor7      XOR_322                 1      3.600     0.000        3.600 ZeroWireload (S)  
  prbs7_15_22 PRBS_7_15_22           61    262.800     0.000      262.800 ZeroWireload (S)  
    I49       OR_210                  1      2.160     0.000        2.160 ZeroWireload (S)  
    I50       OR                      1      2.160     0.000        2.160 ZeroWireload (S)  
    dff1      POSDFF_224              2     10.080     0.000       10.080 ZeroWireload (S)  
    dff2      NEGDFF_180              2     10.080     0.000       10.080 ZeroWireload (S)  
    dff3      POSDFF_223              2     10.080     0.000       10.080 ZeroWireload (S)  
    dff4      NEGDFF_179              2     10.080     0.000       10.080 ZeroWireload (S)  
    dff5      POSDFF_222              2     10.080     0.000       10.080 ZeroWireload (S)  
    dff6      NEGDFF_178              2     10.080     0.000       10.080 ZeroWireload (S)  
    dff7      POSDFF_221              2     10.080     0.000       10.080 ZeroWireload (S)  
    dff8      NEGDFF_177              2     10.080     0.000       10.080 ZeroWireload (S)  
    dff9      POSDFF_220              2     10.080     0.000       10.080 ZeroWireload (S)  
    dff10     NEGDFF_176              2     10.080     0.000       10.080 ZeroWireload (S)  
    dff11     POSDFF_219              2     10.080     0.000       10.080 ZeroWireload (S)  
    dff12     NEGDFF_175              2     10.080     0.000       10.080 ZeroWireload (S)  
    dff13     POSDFF_218              2     10.080     0.000       10.080 ZeroWireload (S)  
    dff14     NEGDFF_174              2     10.080     0.000       10.080 ZeroWireload (S)  
    dff15     POSDFF_217              2     10.080     0.000       10.080 ZeroWireload (S)  
    dff16     NEGDFF_173              2     10.080     0.000       10.080 ZeroWireload (S)  
    dff17     POSDFF_216              2     10.080     0.000       10.080 ZeroWireload (S)  
    dff18     NEGDFF_172              2     10.080     0.000       10.080 ZeroWireload (S)  
    dff19     POSDFF_215              2     10.080     0.000       10.080 ZeroWireload (S)  
    dff20     NEGDFF_171              2     10.080     0.000       10.080 ZeroWireload (S)  
    dlatch1   NEGDLATCH_198           1      5.040     0.000        5.040 ZeroWireload (S)  
    dlatch2   POSDLATCH_245           1      5.040     0.000        5.040 ZeroWireload (S)  
    dlatch3   POSDLATCH_244           1      5.040     0.000        5.040 ZeroWireload (S)  
    dlatch4   NEGDLATCH_197           1      5.040     0.000        5.040 ZeroWireload (S)  
    xor1      XOR_333                 1      3.600     0.000        3.600 ZeroWireload (S)  
    xor2      XOR_332                 1      3.600     0.000        3.600 ZeroWireload (S)  
    xor3      XOR_331                 1      3.600     0.000        3.600 ZeroWireload (S)  
    xor4      XOR_330                 1      3.600     0.000        3.600 ZeroWireload (S)  
    xor11     XOR_329                 1      3.600     0.000        3.600 ZeroWireload (S)  
  prbs_7      prbs7                  21     94.320     0.000       94.320 ZeroWireload (S)  
    dff1      NEGDFF                  2     10.080     0.000       10.080 ZeroWireload (S)  
    dff3      POSDFF                  2     10.080     0.000       10.080 ZeroWireload (S)  
    dff5      NEGDFF_189              2     10.080     0.000       10.080 ZeroWireload (S)  
    dff6      POSDFF_233              2     10.080     0.000       10.080 ZeroWireload (S)  
    dlatch1   POSDLATCH               1      5.040     0.000        5.040 ZeroWireload (S)  
    dlatch2   NEGDLATCH               1      5.040     0.000        5.040 ZeroWireload (S)  
    dlatch3   POSDLATCH_255           1      5.040     0.000        5.040 ZeroWireload (S)  
    dlatch4   NEGDLATCH_208           1      5.040     0.000        5.040 ZeroWireload (S)  
    dlatch5   NEGDLATCH_207           1      5.040     0.000        5.040 ZeroWireload (S)  
    dlatch6   POSDLATCH_254           1      5.040     0.000        5.040 ZeroWireload (S)  
    xor1      XOR                     1      3.600     0.000        3.600 ZeroWireload (S)  
    xor2      XOR_350                 1      3.600     0.000        3.600 ZeroWireload (S)  
    xor3      XOR_349                 1      3.600     0.000        3.600 ZeroWireload (S)  
    xor4      XOR_348                 1      3.600     0.000        3.600 ZeroWireload (S)  
    xor6      XOR_347                 1      3.600     0.000        3.600 ZeroWireload (S)  
    xor7      XOR_346                 1      3.600     0.000        3.600 ZeroWireload (S)  
  prbs_9      prbs9                  25    114.480     0.000      114.480 ZeroWireload (S)  
    dff1      NEGDFF_188              2     10.080     0.000       10.080 ZeroWireload (S)  
    dff3      POSDFF_232              2     10.080     0.000       10.080 ZeroWireload (S)  
    dff5      NEGDFF_187              2     10.080     0.000       10.080 ZeroWireload (S)  
    dff7      POSDFF_231              2     10.080     0.000       10.080 ZeroWireload (S)  
    dlatch1   POSDLATCH_253           1      5.040     0.000        5.040 ZeroWireload (S)  
    dlatch2   NEGDLATCH_206           1      5.040     0.000        5.040 ZeroWireload (S)  
    dlatch3   NEGDLATCH_205           1      5.040     0.000        5.040 ZeroWireload (S)  
    dlatch4   POSDLATCH_252           1      5.040     0.000        5.040 ZeroWireload (S)  
    dlatch5   POSDLATCH_251           1      5.040     0.000        5.040 ZeroWireload (S)  
    dlatch6   NEGDLATCH_204           1      5.040     0.000        5.040 ZeroWireload (S)  
    dlatch7   NEGDLATCH_203           1      5.040     0.000        5.040 ZeroWireload (S)  
    dlatch8   POSDLATCH_250           1      5.040     0.000        5.040 ZeroWireload (S)  
    dlatch9   POSDLATCH_249           1      5.040     0.000        5.040 ZeroWireload (S)  
    dlatch10  NEGDLATCH_202           1      5.040     0.000        5.040 ZeroWireload (S)  
    xor1      XOR_345                 1      3.600     0.000        3.600 ZeroWireload (S)  
    xor2      XOR_344                 1      3.600     0.000        3.600 ZeroWireload (S)  
    xor3      XOR_343                 1      3.600     0.000        3.600 ZeroWireload (S)  
    xor4      XOR_342                 1      3.600     0.000        3.600 ZeroWireload (S)  
    xor6      XOR_341                 1      3.600     0.000        3.600 ZeroWireload (S)  
    xor7      XOR_340                 1      3.600     0.000        3.600 ZeroWireload (S)  
  prbs_10bit  PRBS_10B               31    138.960     0.000      138.960 ZeroWireload (S)  
    dff1      NEGDFF_134              2     10.080     0.000       10.080 ZeroWireload (S)  
    dff2      NEGDFF_133              2     10.080     0.000       10.080 ZeroWireload (S)  
    dff3      NEGDFF_132              2     10.080     0.000       10.080 ZeroWireload (S)  
    dff4      NEGDFF_131              2     10.080     0.000       10.080 ZeroWireload (S)  
    dff5      NEGDFF_130              2     10.080     0.000       10.080 ZeroWireload (S)  
    dff6      NEGDFF_129              2     10.080     0.000       10.080 ZeroWireload (S)  
    dff7      NEGDFF_128              2     10.080     0.000       10.080 ZeroWireload (S)  
    dff8      NEGDFF_127              2     10.080     0.000       10.080 ZeroWireload (S)  
    dff9      NEGDFF_126              2     10.080     0.000       10.080 ZeroWireload (S)  
    dff10     NEGDFF_125              2     10.080     0.000       10.080 ZeroWireload (S)  
    xor1      XOR_296                 1      3.600     0.000        3.600 ZeroWireload (S)  
    xor2      XOR_295                 1      3.600     0.000        3.600 ZeroWireload (S)  
    xor3      XOR_294                 1      3.600     0.000        3.600 ZeroWireload (S)  
    xor4      XOR_293                 1      3.600     0.000        3.600 ZeroWireload (S)  
    xor5      XOR_292                 1      3.600     0.000        3.600 ZeroWireload (S)  
    xor6      XOR_291                 1      3.600     0.000        3.600 ZeroWireload (S)  
    xor7      XOR_290                 1      3.600     0.000        3.600 ZeroWireload (S)  
    xor8      XOR_289                 1      3.600     0.000        3.600 ZeroWireload (S)  
    xor9      XOR_288                 1      3.600     0.000        3.600 ZeroWireload (S)  
    xor10     XOR_287                 1      3.600     0.000        3.600 ZeroWireload (S)  
  prbs_15     prbs15                 37    174.960     0.000      174.960 ZeroWireload (S)  
    dff1      NEGDFF_186              2     10.080     0.000       10.080 ZeroWireload (S)  
    dff2      NEGDFF_185              2     10.080     0.000       10.080 ZeroWireload (S)  
    dff3      NEGDFF_184              2     10.080     0.000       10.080 ZeroWireload (S)  
    dff5      POSDFF_230              2     10.080     0.000       10.080 ZeroWireload (S)  
    dff6      POSDFF_229              2     10.080     0.000       10.080 ZeroWireload (S)  
    dff7      POSDFF_228              2     10.080     0.000       10.080 ZeroWireload (S)  
    dff9      NEGDFF_183              2     10.080     0.000       10.080 ZeroWireload (S)  
    dff10     NEGDFF_182              2     10.080     0.000       10.080 ZeroWireload (S)  
    dff11     NEGDFF_181              2     10.080     0.000       10.080 ZeroWireload (S)  
    dff12     POSDFF_227              2     10.080     0.000       10.080 ZeroWireload (S)  
    dff13     POSDFF_226              2     10.080     0.000       10.080 ZeroWireload (S)  
    dff14     POSDFF_225              2     10.080     0.000       10.080 ZeroWireload (S)  
    dlatch1   POSDLATCH_248           1      5.040     0.000        5.040 ZeroWireload (S)  
    dlatch2   NEGDLATCH_201           1      5.040     0.000        5.040 ZeroWireload (S)  
    dlatch3   POSDLATCH_247           1      5.040     0.000        5.040 ZeroWireload (S)  
    dlatch4   NEGDLATCH_200           1      5.040     0.000        5.040 ZeroWireload (S)  
    dlatch5   NEGDLATCH_199           1      5.040     0.000        5.040 ZeroWireload (S)  
    dlatch6   POSDLATCH_246           1      5.040     0.000        5.040 ZeroWireload (S)  
    xor1      XOR_339                 1      3.600     0.000        3.600 ZeroWireload (S)  
    xor2      XOR_338                 1      3.600     0.000        3.600 ZeroWireload (S)  
    xor3      XOR_337                 1      3.600     0.000        3.600 ZeroWireload (S)  
    xor4      XOR_336                 1      3.600     0.000        3.600 ZeroWireload (S)  
    xor6      XOR_335                 1      3.600     0.000        3.600 ZeroWireload (S)  
    xor7      XOR_334                 1      3.600     0.000        3.600 ZeroWireload (S)  
  prbs_31bit  PRBS_31B               94    420.480     0.000      420.480 ZeroWireload (S)  
    dff1      NEGDFF_124              2     10.080     0.000       10.080 ZeroWireload (S)  
    dff2      NEGDFF_123              2     10.080     0.000       10.080 ZeroWireload (S)  
    dff3      NEGDFF_122              2     10.080     0.000       10.080 ZeroWireload (S)  
    dff4      NEGDFF_121              2     10.080     0.000       10.080 ZeroWireload (S)  
    dff5      NEGDFF_120              2     10.080     0.000       10.080 ZeroWireload (S)  
    dff6      NEGDFF_119              2     10.080     0.000       10.080 ZeroWireload (S)  
    dff7      NEGDFF_118              2     10.080     0.000       10.080 ZeroWireload (S)  
    dff8      NEGDFF_117              2     10.080     0.000       10.080 ZeroWireload (S)  
    dff9      NEGDFF_116              2     10.080     0.000       10.080 ZeroWireload (S)  
    dff10     NEGDFF_115              2     10.080     0.000       10.080 ZeroWireload (S)  
    dff11     NEGDFF_114              2     10.080     0.000       10.080 ZeroWireload (S)  
    dff12     NEGDFF_113              2     10.080     0.000       10.080 ZeroWireload (S)  
    dff13     NEGDFF_112              2     10.080     0.000       10.080 ZeroWireload (S)  
    dff14     NEGDFF_111              2     10.080     0.000       10.080 ZeroWireload (S)  
    dff15     NEGDFF_110              2     10.080     0.000       10.080 ZeroWireload (S)  
    dff16     NEGDFF_109              2     10.080     0.000       10.080 ZeroWireload (S)  
    dff17     NEGDFF_108              2     10.080     0.000       10.080 ZeroWireload (S)  
    dff18     NEGDFF_107              2     10.080     0.000       10.080 ZeroWireload (S)  
    dff19     NEGDFF_106              2     10.080     0.000       10.080 ZeroWireload (S)  
    dff21     NEGDFF_105              2     10.080     0.000       10.080 ZeroWireload (S)  
    dff22     NEGDFF_104              2     10.080     0.000       10.080 ZeroWireload (S)  
    dff23     NEGDFF_103              2     10.080     0.000       10.080 ZeroWireload (S)  
    dff24     NEGDFF_102              2     10.080     0.000       10.080 ZeroWireload (S)  
    dff25     NEGDFF_101              2     10.080     0.000       10.080 ZeroWireload (S)  
    dff26     NEGDFF_100              2     10.080     0.000       10.080 ZeroWireload (S)  
    dff27     NEGDFF_99               2     10.080     0.000       10.080 ZeroWireload (S)  
    dff28     NEGDFF_98               2     10.080     0.000       10.080 ZeroWireload (S)  
    dff29     NEGDFF_97               2     10.080     0.000       10.080 ZeroWireload (S)  
    dff30     NEGDFF_96               2     10.080     0.000       10.080 ZeroWireload (S)  
    dff31     NEGDFF_85               2     10.080     0.000       10.080 ZeroWireload (S)  
    mux4      MUX_6                   1      3.240     0.000        3.240 ZeroWireload (S)  
    xor1      XOR_286                 1      3.600     0.000        3.600 ZeroWireload (S)  
    xor2      XOR_285                 1      3.600     0.000        3.600 ZeroWireload (S)  
    xor3      XOR_284                 1      3.600     0.000        3.600 ZeroWireload (S)  
    xor4      XOR_283                 1      3.600     0.000        3.600 ZeroWireload (S)  
    xor5      XOR_282                 1      3.600     0.000        3.600 ZeroWireload (S)  
    xor6      XOR_281                 1      3.600     0.000        3.600 ZeroWireload (S)  
    xor7      XOR_280                 1      3.600     0.000        3.600 ZeroWireload (S)  
    xor8      XOR_279                 1      3.600     0.000        3.600 ZeroWireload (S)  
    xor9      XOR_278                 1      3.600     0.000        3.600 ZeroWireload (S)  
    xor10     XOR_277                 1      3.600     0.000        3.600 ZeroWireload (S)  
    xor11     XOR_276                 1      3.600     0.000        3.600 ZeroWireload (S)  
    xor12     XOR_275                 1      3.600     0.000        3.600 ZeroWireload (S)  
    xor13     XOR_274                 1      3.600     0.000        3.600 ZeroWireload (S)  
    xor14     XOR_273                 1      3.600     0.000        3.600 ZeroWireload (S)  
    xor15     XOR_272                 1      3.600     0.000        3.600 ZeroWireload (S)  
    xor16     XOR_271                 1      3.600     0.000        3.600 ZeroWireload (S)  
    xor17     XOR_270                 1      3.600     0.000        3.600 ZeroWireload (S)  
    xor18     XOR_269                 1      3.600     0.000        3.600 ZeroWireload (S)  
    xor19     XOR_268                 1      3.600     0.000        3.600 ZeroWireload (S)  
    xor20     XOR_267                 1      3.600     0.000        3.600 ZeroWireload (S)  
    xor21     XOR_266                 1      3.600     0.000        3.600 ZeroWireload (S)  
    xor22     XOR_265                 1      3.600     0.000        3.600 ZeroWireload (S)  
    xor23     XOR_264                 1      3.600     0.000        3.600 ZeroWireload (S)  
    xor24     XOR_263                 1      3.600     0.000        3.600 ZeroWireload (S)  
    xor25     XOR_262                 1      3.600     0.000        3.600 ZeroWireload (S)  
    xor26     XOR_261                 1      3.600     0.000        3.600 ZeroWireload (S)  
    xor27     XOR_260                 1      3.600     0.000        3.600 ZeroWireload (S)  
    xor28     XOR_259                 1      3.600     0.000        3.600 ZeroWireload (S)  
    xor29     XOR_258                 1      3.600     0.000        3.600 ZeroWireload (S)  
    xor30     XOR_257                 1      3.600     0.000        3.600 ZeroWireload (S)  
    xor31     XOR_256                 1      3.600     0.000        3.600 ZeroWireload (S)  
  (S) = wireload was automatically selected
